<?xml version="1.0" encoding="UTF-8"?>
<testng-results ignored="0" total="2" passed="2" failed="0" skipped="0">
  <reporter-output>
  </reporter-output>
  <suite started-at="2023-07-10T23:00:08 IST" name="Suite" finished-at="2023-07-10T23:00:50 IST" duration-ms="41933">
    <groups>
    </groups>
    <test started-at="2023-07-10T23:00:08 IST" name="Test" finished-at="2023-07-10T23:00:50 IST" duration-ms="41933">
      <class name="remoteTesting.DockerValidation.ChromeTest2">
        <test-method signature="test2()[pri:0, instance:remoteTesting.DockerValidation.ChromeTest2@2d52216b]" started-at="2023-07-10T23:00:27 IST" name="test2" finished-at="2023-07-10T23:00:39 IST" duration-ms="11717" status="PASS">
          <reporter-output>
          </reporter-output>
        </test-method> <!-- test2 -->
      </class> <!-- remoteTesting.DockerValidation.ChromeTest2 -->
      <class name="remoteTesting.DockerValidation.ChromeTest1">
        <test-method is-config="true" signature="startingDock()[pri:0, instance:remoteTesting.DockerValidation.ChromeTest1@7d0b7e3c]" started-at="2023-07-10T23:00:08 IST" name="startingDock" finished-at="2023-07-10T23:00:27 IST" duration-ms="18633" status="PASS">
          <reporter-output>
          </reporter-output>
        </test-method> <!-- startingDock -->
        <test-method signature="test1()[pri:0, instance:remoteTesting.DockerValidation.ChromeTest1@7d0b7e3c]" started-at="2023-07-10T23:00:27 IST" name="test1" finished-at="2023-07-10T23:00:40 IST" duration-ms="13246" status="PASS">
          <reporter-output>
          </reporter-output>
        </test-method> <!-- test1 -->
        <test-method is-config="true" signature="stopDock()[pri:0, instance:remoteTesting.DockerValidation.ChromeTest1@7d0b7e3c]" started-at="2023-07-10T23:00:40 IST" name="stopDock" finished-at="2023-07-10T23:00:50 IST" duration-ms="10001" status="PASS">
          <reporter-output>
          </reporter-output>
        </test-method> <!-- stopDock -->
      </class> <!-- remoteTesting.DockerValidation.ChromeTest1 -->
    </test> <!-- Test -->
  </suite> <!-- Suite -->
</testng-results>
